<?xml version="1.0" encoding="UTF-8"?>
<testsuite xmlns:xsi="http://www.w3.org/2001/XMLSchema-instance" xsi:noNamespaceSchemaLocation="https://maven.apache.org/surefire/maven-surefire-plugin/xsd/surefire-test-report.xsd" name="DTOTests.UserDTOTest" time="0.045" tests="3" errors="0" skipped="0" failures="0">
  <properties>
    <property name="sun.desktop" value="gnome"/>
    <property name="awt.toolkit" value="sun.awt.X11.XToolkit"/>
    <property name="java.specification.version" value="9"/>
    <property name="file.encoding.pkg" value="sun.io"/>
    <property name="sun.cpu.isalist" value=""/>
    <property name="sun.jnu.encoding" value="UTF-8"/>
    <property name="java.class.path" value="/home/sabrina/Etudes/Wien/Winter/Software_Engineering/Projekt/DominionServer/.mvn/wrapper/maven-wrapper.jar"/>
    <property name="java.vm.vendor" value="Oracle Corporation"/>
    <property name="sun.arch.data.model" value="64"/>
    <property name="java.vendor.url" value="http://java.oracle.com/"/>
    <property name="user.timezone" value="Europe/Zurich"/>
    <property name="maven.conf" value="/home/sabrina/.m2/wrapper/dists/apache-maven-3.5.0-bin/6ps54u5pnnbbpr6ds9rppcc7iv/apache-maven-3.5.0/conf"/>
    <property name="os.name" value="Linux"/>
    <property name="java.vm.specification.version" value="9"/>
    <property name="sun.java.launcher" value="SUN_STANDARD"/>
    <property name="user.country" value="US"/>
    <property name="sun.boot.library.path" value="/usr/lib/jvm/java-9-oracle/lib"/>
    <property name="sun.java.command" value="org.apache.maven.wrapper.MavenWrapperMain compile test install"/>
    <property name="jdk.debug" value="release"/>
    <property name="maven.home" value="/home/sabrina/.m2/wrapper/dists/apache-maven-3.5.0-bin/6ps54u5pnnbbpr6ds9rppcc7iv/apache-maven-3.5.0"/>
    <property name="sun.cpu.endian" value="little"/>
    <property name="user.home" value="/home/sabrina"/>
    <property name="user.language" value="en"/>
    <property name="java.specification.vendor" value="Oracle Corporation"/>
    <property name="java.home" value="/usr/lib/jvm/java-9-oracle"/>
    <property name="file.separator" value="/"/>
    <property name="java.vm.compressedOopsMode" value="Zero based"/>
    <property name="line.separator" value="&#10;"/>
    <property name="java.specification.name" value="Java Platform API Specification"/>
    <property name="java.vm.specification.vendor" value="Oracle Corporation"/>
    <property name="java.awt.graphicsenv" value="sun.awt.X11GraphicsEnvironment"/>
    <property name="sun.management.compiler" value="HotSpot 64-Bit Tiered Compilers"/>
    <property name="java.runtime.version" value="9.0.4+11"/>
    <property name="user.name" value="sabrina"/>
    <property name="path.separator" value=":"/>
    <property name="securerandom.source" value="file:/dev/./urandom"/>
    <property name="os.version" value="4.13.0-37-generic"/>
    <property name="java.runtime.name" value="Java(TM) SE Runtime Environment"/>
    <property name="file.encoding" value="UTF-8"/>
    <property name="guice.disable.misplaced.annotation.check" value="true"/>
    <property name="java.vm.name" value="Java HotSpot(TM) 64-Bit Server VM"/>
    <property name="java.vendor.url.bug" value="http://bugreport.java.com/bugreport/"/>
    <property name="java.io.tmpdir" value="/tmp"/>
    <property name="java.version" value="9.0.4"/>
    <property name="user.dir" value="/home/sabrina/Etudes/Wien/Winter/Software_Engineering/Projekt/DominionServer/shared"/>
    <property name="os.arch" value="amd64"/>
    <property name="maven.multiModuleProjectDirectory" value="/home/sabrina/Etudes/Wien/Winter/Software_Engineering/Projekt/DominionServer"/>
    <property name="java.vm.specification.name" value="Java Virtual Machine Specification"/>
    <property name="java.awt.printerjob" value="sun.print.PSPrinterJob"/>
    <property name="sun.os.patch.level" value="unknown"/>
    <property name="java.library.path" value="/usr/java/packages/lib:/usr/lib64:/lib64:/lib:/usr/lib"/>
    <property name="java.vm.info" value="mixed mode"/>
    <property name="java.vendor" value="Oracle Corporation"/>
    <property name="java.vm.version" value="9.0.4+11"/>
    <property name="classworlds.conf" value="/home/sabrina/.m2/wrapper/dists/apache-maven-3.5.0-bin/6ps54u5pnnbbpr6ds9rppcc7iv/apache-maven-3.5.0/bin/m2.conf"/>
    <property name="sun.io.unicode.encoding" value="UnicodeLittle"/>
    <property name="library.jansi.path" value="/home/sabrina/.m2/wrapper/dists/apache-maven-3.5.0-bin/6ps54u5pnnbbpr6ds9rppcc7iv/apache-maven-3.5.0/lib/jansi-native/linux64"/>
    <property name="java.class.version" value="53.0"/>
  </properties>
  <testcase name="contains_test" classname="DTOTests.UserDTOTest" time="0.045"/>
  <testcase name="test_userDTO_isEqual" classname="DTOTests.UserDTOTest" time="0.002"/>
  <testcase name="test_userDTO_equality" classname="DTOTests.UserDTOTest" time="0.002"/>
</testsuite>